# JRE version: OpenJDK Runtime Environment Microsoft-8035246 (17.0.8+7) (build 17.0.8+7-LTS)
# Java VM: OpenJDK 64-Bit Server VM Microsoft-8035246 (17.0.8+7-LTS, mixed mode, sharing, tiered, compressed oops, compressed class ptrs, g1 gc, windows-amd64)
GC Precious Log:
 CPUs: 8 total, 8 available
 Memory: 7969M
 Large Page Support: Disabled
 NUMA Support: Disabled
 Compressed Oops: Enabled (32-bit)
 Heap Region Size: 1M
 Heap Min Capacity: 8M
 Heap Initial Capacity: 126M
 Heap Max Capacity: 2G
 Pre-touch: Disabled
 Parallel Workers: 8
 Concurrent Workers: 2
 Concurrent Refinement Workers: 8
 Periodic GC: Disabled
Heap:
 garbage-first heap   total 311296K, used 259641K [0x0000000080000000, 0x0000000100000000)
  region size 1024K, 45 young (46080K), 5 survivors (5120K)
 Metaspace       used 110734K, committed 112000K, reserved 557056K
  class space    used 15299K, committed 15872K, reserved 425984K
GC Heap History (20 events):
Event: 27.823 GC heap before
{Heap before GC invocations=47 (full 0):
 garbage-first heap   total 311296K, used 253501K [0x0000000080000000, 0x0000000100000000)
  region size 1024K, 76 young (77824K), 7 survivors (7168K)
 Metaspace       used 103232K, committed 104384K, reserved 557056K
  class space    used 14511K, committed 15040K, reserved 425984K
}
Event: 27.832 GC heap after
{Heap after GC invocations=48 (full 0):
 garbage-first heap   total 311296K, used 190437K [0x0000000080000000, 0x0000000100000000)
  region size 1024K, 7 young (7168K), 7 survivors (7168K)
 Metaspace       used 103232K, committed 104384K, reserved 557056K
  class space    used 14511K, committed 15040K, reserved 425984K
}
Event: 28.570 GC heap before
{Heap before GC invocations=48 (full 0):
 garbage-first heap   total 311296K, used 265189K [0x0000000080000000, 0x0000000100000000)
  region size 1024K, 72 young (73728K), 7 survivors (7168K)
 Metaspace       used 103320K, committed 104448K, reserved 557056K
  class space    used 14514K, committed 15040K, reserved 425984K
}
Event: 28.579 GC heap after
{Heap after GC invocations=49 (full 0):
 garbage-first heap   total 311296K, used 195417K [0x0000000080000000, 0x0000000100000000)
  region size 1024K, 6 young (6144K), 6 survivors (6144K)
 Metaspace       used 103320K, committed 104448K, reserved 557056K
  class space    used 14514K, committed 15040K, reserved 425984K
}
Event: 29.083 GC heap before
{Heap before GC invocations=49 (full 0):
 garbage-first heap   total 311296K, used 270169K [0x0000000080000000, 0x0000000100000000)
  region size 1024K, 68 young (69632K), 6 survivors (6144K)
 Metaspace       used 103596K, committed 104768K, reserved 557056K
  class space    used 14543K, committed 15104K, reserved 425984K
}
Event: 29.092 GC heap after
{Heap after GC invocations=50 (full 0):
 garbage-first heap   total 311296K, used 200288K [0x0000000080000000, 0x0000000100000000)
  region size 1024K, 5 young (5120K), 5 survivors (5120K)
 Metaspace       used 103596K, committed 104768K, reserved 557056K
  class space    used 14543K, committed 15104K, reserved 425984K
}
Event: 29.614 GC heap before
{Heap before GC invocations=50 (full 0):
 garbage-first heap   total 311296K, used 263776K [0x0000000080000000, 0x0000000100000000)
  region size 1024K, 64 young (65536K), 5 survivors (5120K)
 Metaspace       used 103752K, committed 104960K, reserved 557056K
  class space    used 14551K, committed 15104K, reserved 425984K
}
Event: 29.623 GC heap after
{Heap after GC invocations=51 (full 0):
 garbage-first heap   total 311296K, used 205110K [0x0000000080000000, 0x0000000100000000)
  region size 1024K, 5 young (5120K), 5 survivors (5120K)
 Metaspace       used 103752K, committed 104960K, reserved 557056K
  class space    used 14551K, committed 15104K, reserved 425984K
}
Event: 29.949 GC heap before
{Heap before GC invocations=51 (full 0):
 garbage-first heap   total 311296K, used 269622K [0x0000000080000000, 0x0000000100000000)
  region size 1024K, 61 young (62464K), 5 survivors (5120K)
 Metaspace       used 103961K, committed 105152K, reserved 557056K
  class space    used 14582K, committed 15104K, reserved 425984K
}
Event: 29.956 GC heap after
{Heap after GC invocations=52 (full 0):
 garbage-first heap   total 311296K, used 208832K [0x0000000080000000, 0x0000000100000000)
  region size 1024K, 4 young (4096K), 4 survivors (4096K)
 Metaspace       used 103961K, committed 105152K, reserved 557056K
  class space    used 14582K, committed 15104K, reserved 425984K
}
Event: 30.164 GC heap before
{Heap before GC invocations=52 (full 0):
 garbage-first heap   total 311296K, used 267200K [0x0000000080000000, 0x0000000100000000)
  region size 1024K, 58 young (59392K), 4 survivors (4096K)
 Metaspace       used 103997K, committed 105152K, reserved 557056K
  class space    used 14583K, committed 15104K, reserved 425984K
}
Event: 30.170 GC heap after
{Heap after GC invocations=53 (full 0):
 garbage-first heap   total 311296K, used 211694K [0x0000000080000000, 0x0000000100000000)
  region size 1024K, 7 young (7168K), 7 survivors (7168K)
 Metaspace       used 103997K, committed 105152K, reserved 557056K
  class space    used 14583K, committed 15104K, reserved 425984K
}
Event: 30.709 GC heap before
{Heap before GC invocations=53 (full 0):
 garbage-first heap   total 311296K, used 270062K [0x0000000080000000, 0x0000000100000000)
  region size 1024K, 60 young (61440K), 7 survivors (7168K)
 Metaspace       used 106515K, committed 107712K, reserved 557056K
  class space    used 14845K, committed 15424K, reserved 425984K
}
Event: 30.717 GC heap after
{Heap after GC invocations=54 (full 0):
 garbage-first heap   total 311296K, used 213664K [0x0000000080000000, 0x0000000100000000)
  region size 1024K, 5 young (5120K), 5 survivors (5120K)
 Metaspace       used 106515K, committed 107712K, reserved 557056K
  class space    used 14845K, committed 15424K, reserved 425984K
}
Event: 32.134 GC heap before
{Heap before GC invocations=54 (full 0):
 garbage-first heap   total 311296K, used 275104K [0x0000000080000000, 0x0000000100000000)
  region size 1024K, 58 young (59392K), 5 survivors (5120K)
 Metaspace       used 108237K, committed 109504K, reserved 557056K
  class space    used 15029K, committed 15616K, reserved 425984K
}
Event: 32.141 GC heap after
{Heap after GC invocations=55 (full 0):
 garbage-first heap   total 311296K, used 216182K [0x0000000080000000, 0x0000000100000000)
  region size 1024K, 5 young (5120K), 5 survivors (5120K)
 Metaspace       used 108237K, committed 109504K, reserved 557056K
  class space    used 15029K, committed 15616K, reserved 425984K
}
Event: 415.257 GC heap before
{Heap before GC invocations=55 (full 0):
 garbage-first heap   total 311296K, used 267382K [0x0000000080000000, 0x0000000100000000)
  region size 1024K, 56 young (57344K), 5 survivors (5120K)
 Metaspace       used 110262K, committed 111488K, reserved 557056K
  class space    used 15281K, committed 15872K, reserved 425984K
}
Event: 415.270 GC heap after
{Heap after GC invocations=56 (full 0):
 garbage-first heap   total 311296K, used 219555K [0x0000000080000000, 0x0000000100000000)
  region size 1024K, 7 young (7168K), 7 survivors (7168K)
 Metaspace       used 110262K, committed 111488K, reserved 557056K
  class space    used 15281K, committed 15872K, reserved 425984K
}
Event: 2159.154 GC heap before
{Heap before GC invocations=56 (full 0):
 garbage-first heap   total 311296K, used 268707K [0x0000000080000000, 0x0000000100000000)
  region size 1024K, 55 young (56320K), 7 survivors (7168K)
 Metaspace       used 110509K, committed 111680K, reserved 557056K
  class space    used 15289K, committed 15872K, reserved 425984K
}
Event: 2159.158 GC heap after
{Heap after GC invocations=57 (full 0):
 garbage-first heap   total 311296K, used 220729K [0x0000000080000000, 0x0000000100000000)
  region size 1024K, 5 young (5120K), 5 survivors (5120K)
 Metaspace       used 110509K, committed 111680K, reserved 557056K
  class space    used 15289K, committed 15872K, reserved 425984K
}

