# JRE version: OpenJDK Runtime Environment Microsoft-8035246 (17.0.8+7) (build 17.0.8+7-LTS)
# Java VM: OpenJDK 64-Bit Server VM Microsoft-8035246 (17.0.8+7-LTS, mixed mode, sharing, tiered, compressed oops, compressed class ptrs, g1 gc, windows-amd64)
GC Precious Log:
 CPUs: 8 total, 8 available
 Memory: 7969M
 Large Page Support: Disabled
 NUMA Support: Disabled
 Compressed Oops: Enabled (32-bit)
 Heap Region Size: 1M
 Heap Min Capacity: 8M
 Heap Initial Capacity: 126M
 Heap Max Capacity: 2G
 Pre-touch: Disabled
 Parallel Workers: 8
 Concurrent Workers: 2
 Concurrent Refinement Workers: 8
 Periodic GC: Disabled
Heap:
 garbage-first heap   total 291840K, used 211103K [0x0000000080000000, 0x0000000100000000)
  region size 1024K, 19 young (19456K), 4 survivors (4096K)
 Metaspace       used 103537K, committed 104704K, reserved 557056K
  class space    used 14514K, committed 15040K, reserved 425984K
GC Heap History (20 events):
Event: 121.140 GC heap before
{Heap before GC invocations=62 (full 0):
 garbage-first heap   total 242688K, used 200898K [0x0000000080000000, 0x0000000100000000)
  region size 1024K, 50 young (51200K), 7 survivors (7168K)
 Metaspace       used 97181K, committed 98240K, reserved 557056K
  class space    used 13616K, committed 14080K, reserved 425984K
}
Event: 121.163 GC heap after
{Heap after GC invocations=63 (full 0):
 garbage-first heap   total 242688K, used 167566K [0x0000000080000000, 0x0000000100000000)
  region size 1024K, 7 young (7168K), 7 survivors (7168K)
 Metaspace       used 97181K, committed 98240K, reserved 557056K
  class space    used 13616K, committed 14080K, reserved 425984K
}
Event: 122.583 GC heap before
{Heap before GC invocations=63 (full 0):
 garbage-first heap   total 242688K, used 202382K [0x0000000080000000, 0x0000000100000000)
  region size 1024K, 41 young (41984K), 7 survivors (7168K)
 Metaspace       used 100087K, committed 101248K, reserved 557056K
  class space    used 14065K, committed 14592K, reserved 425984K
}
Event: 122.600 GC heap after
{Heap after GC invocations=64 (full 0):
 garbage-first heap   total 242688K, used 170151K [0x0000000080000000, 0x0000000100000000)
  region size 1024K, 3 young (3072K), 3 survivors (3072K)
 Metaspace       used 100087K, committed 101248K, reserved 557056K
  class space    used 14065K, committed 14592K, reserved 425984K
}
Event: 123.906 GC heap before
{Heap before GC invocations=64 (full 0):
 garbage-first heap   total 242688K, used 202919K [0x0000000080000000, 0x0000000100000000)
  region size 1024K, 35 young (35840K), 3 survivors (3072K)
 Metaspace       used 101410K, committed 102528K, reserved 557056K
  class space    used 14224K, committed 14720K, reserved 425984K
}
Event: 123.928 GC heap after
{Heap after GC invocations=65 (full 0):
 garbage-first heap   total 242688K, used 174470K [0x0000000080000000, 0x0000000100000000)
  region size 1024K, 5 young (5120K), 5 survivors (5120K)
 Metaspace       used 101410K, committed 102528K, reserved 557056K
  class space    used 14224K, committed 14720K, reserved 425984K
}
Event: 124.942 GC heap before
{Heap before GC invocations=65 (full 0):
 garbage-first heap   total 242688K, used 205190K [0x0000000080000000, 0x0000000100000000)
  region size 1024K, 35 young (35840K), 5 survivors (5120K)
 Metaspace       used 101874K, committed 102976K, reserved 557056K
  class space    used 14263K, committed 14784K, reserved 425984K
}
Event: 124.960 GC heap after
{Heap after GC invocations=66 (full 0):
 garbage-first heap   total 242688K, used 178600K [0x0000000080000000, 0x0000000100000000)
  region size 1024K, 4 young (4096K), 4 survivors (4096K)
 Metaspace       used 101874K, committed 102976K, reserved 557056K
  class space    used 14263K, committed 14784K, reserved 425984K
}
Event: 125.596 GC heap before
{Heap before GC invocations=66 (full 0):
 garbage-first heap   total 242688K, used 206248K [0x0000000080000000, 0x0000000100000000)
  region size 1024K, 31 young (31744K), 4 survivors (4096K)
 Metaspace       used 101994K, committed 103104K, reserved 557056K
  class space    used 14263K, committed 14784K, reserved 425984K
}
Event: 125.607 GC heap after
{Heap after GC invocations=67 (full 0):
 garbage-first heap   total 242688K, used 181088K [0x0000000080000000, 0x0000000100000000)
  region size 1024K, 3 young (3072K), 3 survivors (3072K)
 Metaspace       used 101994K, committed 103104K, reserved 557056K
  class space    used 14263K, committed 14784K, reserved 425984K
}
Event: 126.354 GC heap before
{Heap before GC invocations=67 (full 0):
 garbage-first heap   total 242688K, used 206688K [0x0000000080000000, 0x0000000100000000)
  region size 1024K, 28 young (28672K), 3 survivors (3072K)
 Metaspace       used 102628K, committed 103744K, reserved 557056K
  class space    used 14391K, committed 14912K, reserved 425984K
}
Event: 126.369 GC heap after
{Heap after GC invocations=68 (full 0):
 garbage-first heap   total 242688K, used 184384K [0x0000000080000000, 0x0000000100000000)
  region size 1024K, 4 young (4096K), 4 survivors (4096K)
 Metaspace       used 102628K, committed 103744K, reserved 557056K
  class space    used 14391K, committed 14912K, reserved 425984K
}
Event: 126.727 GC heap before
{Heap before GC invocations=68 (full 0):
 garbage-first heap   total 242688K, used 206912K [0x0000000080000000, 0x0000000100000000)
  region size 1024K, 27 young (27648K), 4 survivors (4096K)
 Metaspace       used 102981K, committed 104192K, reserved 557056K
  class space    used 14462K, committed 15040K, reserved 425984K
}
Event: 126.740 GC heap after
{Heap after GC invocations=69 (full 0):
 garbage-first heap   total 242688K, used 185735K [0x0000000080000000, 0x0000000100000000)
  region size 1024K, 2 young (2048K), 2 survivors (2048K)
 Metaspace       used 102981K, committed 104192K, reserved 557056K
  class space    used 14462K, committed 15040K, reserved 425984K
}
Event: 127.266 GC heap before
{Heap before GC invocations=69 (full 0):
 garbage-first heap   total 242688K, used 208263K [0x0000000080000000, 0x0000000100000000)
  region size 1024K, 24 young (24576K), 2 survivors (2048K)
 Metaspace       used 103141K, committed 104320K, reserved 557056K
  class space    used 14462K, committed 15040K, reserved 425984K
}
Event: 127.274 GC heap after
{Heap after GC invocations=70 (full 0):
 garbage-first heap   total 242688K, used 186180K [0x0000000080000000, 0x0000000100000000)
  region size 1024K, 2 young (2048K), 2 survivors (2048K)
 Metaspace       used 103141K, committed 104320K, reserved 557056K
  class space    used 14462K, committed 15040K, reserved 425984K
}
Event: 127.755 GC heap before
{Heap before GC invocations=70 (full 0):
 garbage-first heap   total 242688K, used 208708K [0x0000000080000000, 0x0000000100000000)
  region size 1024K, 25 young (25600K), 2 survivors (2048K)
 Metaspace       used 103457K, committed 104576K, reserved 557056K
  class space    used 14510K, committed 15040K, reserved 425984K
}
Event: 127.765 GC heap after
{Heap after GC invocations=71 (full 0):
 garbage-first heap   total 242688K, used 189893K [0x0000000080000000, 0x0000000100000000)
  region size 1024K, 4 young (4096K), 4 survivors (4096K)
 Metaspace       used 103457K, committed 104576K, reserved 557056K
  class space    used 14510K, committed 15040K, reserved 425984K
}
Event: 127.969 GC heap before
{Heap before GC invocations=71 (full 0):
 garbage-first heap   total 242688K, used 209349K [0x0000000080000000, 0x0000000100000000)
  region size 1024K, 24 young (24576K), 4 survivors (4096K)
 Metaspace       used 103489K, committed 104640K, reserved 557056K
  class space    used 14510K, committed 15040K, reserved 425984K
}
Event: 127.981 GC heap after
{Heap after GC invocations=72 (full 0):
 garbage-first heap   total 291840K, used 191536K [0x0000000080000000, 0x0000000100000000)
  region size 1024K, 2 young (2048K), 2 survivors (2048K)
 Metaspace       used 103489K, committed 104640K, reserved 557056K
  class space    used 14510K, committed 15040K, reserved 425984K
}

